<?xml version="1.0" encoding="UTF-8"?>
<!-- Generated by org.testng.reporters.JUnitReportReporter -->
<testsuite hostname="DESKTOP-1U92PBD" failures="0" tests="1" name="Test.UploadTest" time="0.430" errors="0" timestamp="2022-12-12T11:30:39 CST" skipped="0">
  <testcase classname="Test.UploadTest" name="run" time="0.430"/>
  <system-out/>
</testsuite> <!-- Test.UploadTest -->
