<?xml version="1.0" encoding="UTF-8"?>
<!-- Generated by org.testng.reporters.JUnitReportReporter -->
<testsuite hostname="DESKTOP-1U92PBD" failures="0" tests="1" name="Test.LoginTest" time="0.263" errors="0" timestamp="2022-12-11T19:23:15 CST" skipped="0">
  <testcase classname="Test.LoginTest" name="run" time="0.263"/>
  <system-out/>
</testsuite> <!-- Test.LoginTest -->
