<?xml version="1.0" encoding="UTF-8"?>
<!-- Generated by org.testng.reporters.JUnitReportReporter -->
<testsuite hostname="DESKTOP-1U92PBD" failures="0" tests="1" name="Test.TaskTest" time="0.771" errors="0" timestamp="2022-12-12T11:50:00 CST" skipped="0">
  <testcase classname="Test.TaskTest" name="run" time="0.771"/>
  <system-out/>
</testsuite> <!-- Test.TaskTest -->
