<?xml version="1.0" encoding="UTF-8"?>
<!-- Generated by org.testng.reporters.JUnitReportReporter -->
<testsuite hostname="DESKTOP-1U92PBD" failures="0" tests="1" name="Test.TaskTest" time="1.192" errors="0" timestamp="2022-12-11T22:29:53 CST" skipped="0">
  <testcase classname="Test.TaskTest" name="run" time="1.192"/>
  <system-out/>
</testsuite> <!-- Test.TaskTest -->
