<?xml version="1.0" encoding="UTF-8"?>
<!-- Generated by org.testng.reporters.JUnitReportReporter -->
<testsuite hostname="DESKTOP-1U92PBD" failures="0" tests="1" name="Test.deleteTest" time="0.695" errors="0" timestamp="2022-12-12T11:30:39 CST" skipped="0">
  <testcase classname="Test.deleteTest" name="run" time="0.695"/>
  <system-out/>
</testsuite> <!-- Test.deleteTest -->
